  BlockStack.cpp
d:\바탕화면\tetris\tetris\gamepool.h(48): warning C4305: '초기화 중': 'double'에서 'const float'(으)로 잘립니다.
d:\바탕화면\tetris\tetris\gamepool.h(49): warning C4305: '초기화 중': 'double'에서 'const float'(으)로 잘립니다.
d:\바탕화면\tetris\tetris\unitblock.h(54): warning C4244: '인수': 'int'에서 'float'(으)로 변환하면서 데이터가 손실될 수 있습니다.
  Menu.cpp
d:\바탕화면\tetris\tetris\gamepool.h(48): warning C4305: '초기화 중': 'double'에서 'const float'(으)로 잘립니다.
d:\바탕화면\tetris\tetris\gamepool.h(49): warning C4305: '초기화 중': 'double'에서 'const float'(으)로 잘립니다.
d:\바탕화면\tetris\tetris\unitblock.h(54): warning C4244: '인수': 'int'에서 'float'(으)로 변환하면서 데이터가 손실될 수 있습니다.
  MovingBlock.cpp
d:\바탕화면\tetris\tetris\gamepool.h(48): warning C4305: '초기화 중': 'double'에서 'const float'(으)로 잘립니다.
d:\바탕화면\tetris\tetris\gamepool.h(49): warning C4305: '초기화 중': 'double'에서 'const float'(으)로 잘립니다.
d:\바탕화면\tetris\tetris\unitblock.h(54): warning C4244: '인수': 'int'에서 'float'(으)로 변환하면서 데이터가 손실될 수 있습니다.
d:\바탕화면\tetris\tetris\movingblock.h(66): warning C4244: '초기화 중': 'T'에서 'int'(으)로 변환하면서 데이터가 손실될 수 있습니다.
          with
          [
              T=float
          ]
d:\바탕화면\tetris\tetris\movingblock.h(67): warning C4244: '초기화 중': 'T'에서 'int'(으)로 변환하면서 데이터가 손실될 수 있습니다.
          with
          [
              T=float
          ]
d:\바탕화면\tetris\tetris\movingblock.cpp(54): warning C4244: '인수': 'const T'에서 'int'(으)로 변환하면서 데이터가 손실될 수 있습니다.
          with
          [
              T=float
          ]
d:\바탕화면\tetris\tetris\movingblock.cpp(56): warning C4244: '인수': 'T'에서 'int'(으)로 변환하면서 데이터가 손실될 수 있습니다.
          with
          [
              T=float
          ]
d:\바탕화면\tetris\tetris\movingblock.cpp(56): warning C4244: '인수': 'const T'에서 'int'(으)로 변환하면서 데이터가 손실될 수 있습니다.
          with
          [
              T=float
          ]
d:\바탕화면\tetris\tetris\movingblock.cpp(58): warning C4244: '인수': 'T'에서 'int'(으)로 변환하면서 데이터가 손실될 수 있습니다.
          with
          [
              T=float
          ]
d:\바탕화면\tetris\tetris\movingblock.cpp(58): warning C4244: '인수': 'const T'에서 'int'(으)로 변환하면서 데이터가 손실될 수 있습니다.
          with
          [
              T=float
          ]
d:\바탕화면\tetris\tetris\movingblock.cpp(60): warning C4244: '인수': 'T'에서 'int'(으)로 변환하면서 데이터가 손실될 수 있습니다.
          with
          [
              T=float
          ]
d:\바탕화면\tetris\tetris\movingblock.cpp(60): warning C4244: '인수': 'const T'에서 'int'(으)로 변환하면서 데이터가 손실될 수 있습니다.
          with
          [
              T=float
          ]
d:\바탕화면\tetris\tetris\movingblock.cpp(70): warning C4244: '인수': 'const T'에서 'int'(으)로 변환하면서 데이터가 손실될 수 있습니다.
          with
          [
              T=float
          ]
d:\바탕화면\tetris\tetris\movingblock.cpp(70): warning C4244: '인수': 'T'에서 'int'(으)로 변환하면서 데이터가 손실될 수 있습니다.
          with
          [
              T=float
          ]
d:\바탕화면\tetris\tetris\movingblock.cpp(72): warning C4244: '인수': 'T'에서 'int'(으)로 변환하면서 데이터가 손실될 수 있습니다.
          with
          [
              T=float
          ]
d:\바탕화면\tetris\tetris\movingblock.cpp(74): warning C4244: '인수': 'T'에서 'int'(으)로 변환하면서 데이터가 손실될 수 있습니다.
          with
          [
              T=float
          ]
d:\바탕화면\tetris\tetris\movingblock.cpp(74): warning C4244: '인수': 'const T'에서 'int'(으)로 변환하면서 데이터가 손실될 수 있습니다.
          with
          [
              T=float
          ]
d:\바탕화면\tetris\tetris\movingblock.cpp(76): warning C4244: '인수': 'T'에서 'int'(으)로 변환하면서 데이터가 손실될 수 있습니다.
          with
          [
              T=float
          ]
d:\바탕화면\tetris\tetris\movingblock.cpp(76): warning C4244: '인수': 'const T'에서 'int'(으)로 변환하면서 데이터가 손실될 수 있습니다.
          with
          [
              T=float
          ]
d:\바탕화면\tetris\tetris\movingblock.cpp(86): warning C4244: '인수': 'const T'에서 'int'(으)로 변환하면서 데이터가 손실될 수 있습니다.
          with
          [
              T=float
          ]
d:\바탕화면\tetris\tetris\movingblock.cpp(86): warning C4244: '인수': 'T'에서 'int'(으)로 변환하면서 데이터가 손실될 수 있습니다.
          with
          [
              T=float
          ]
d:\바탕화면\tetris\tetris\movingblock.cpp(88): warning C4244: '인수': 'T'에서 'int'(으)로 변환하면서 데이터가 손실될 수 있습니다.
          with
          [
              T=float
          ]
d:\바탕화면\tetris\tetris\movingblock.cpp(88): warning C4244: '인수': 'const T'에서 'int'(으)로 변환하면서 데이터가 손실될 수 있습니다.
          with
          [
              T=float
          ]
d:\바탕화면\tetris\tetris\movingblock.cpp(90): warning C4244: '인수': 'T'에서 'int'(으)로 변환하면서 데이터가 손실될 수 있습니다.
          with
          [
              T=float
          ]
d:\바탕화면\tetris\tetris\movingblock.cpp(92): warning C4244: '인수': 'T'에서 'int'(으)로 변환하면서 데이터가 손실될 수 있습니다.
          with
          [
              T=float
          ]
d:\바탕화면\tetris\tetris\movingblock.cpp(92): warning C4244: '인수': 'const T'에서 'int'(으)로 변환하면서 데이터가 손실될 수 있습니다.
          with
          [
              T=float
          ]
d:\바탕화면\tetris\tetris\movingblock.cpp(102): warning C4244: '인수': 'const T'에서 'int'(으)로 변환하면서 데이터가 손실될 수 있습니다.
          with
          [
              T=float
          ]
d:\바탕화면\tetris\tetris\movingblock.cpp(104): warning C4244: '인수': 'T'에서 'int'(으)로 변환하면서 데이터가 손실될 수 있습니다.
          with
          [
              T=float
          ]
d:\바탕화면\tetris\tetris\movingblock.cpp(106): warning C4244: '인수': 'T'에서 'int'(으)로 변환하면서 데이터가 손실될 수 있습니다.
          with
          [
              T=float
          ]
d:\바탕화면\tetris\tetris\movingblock.cpp(106): warning C4244: '인수': 'const T'에서 'int'(으)로 변환하면서 데이터가 손실될 수 있습니다.
          with
          [
              T=float
          ]
d:\바탕화면\tetris\tetris\movingblock.cpp(108): warning C4244: '인수': 'T'에서 'int'(으)로 변환하면서 데이터가 손실될 수 있습니다.
          with
          [
              T=float
          ]
d:\바탕화면\tetris\tetris\movingblock.cpp(108): warning C4244: '인수': 'const T'에서 'int'(으)로 변환하면서 데이터가 손실될 수 있습니다.
          with
          [
              T=float
          ]
d:\바탕화면\tetris\tetris\movingblock.cpp(118): warning C4244: '인수': 'const T'에서 'int'(으)로 변환하면서 데이터가 손실될 수 있습니다.
          with
          [
              T=float
          ]
d:\바탕화면\tetris\tetris\movingblock.cpp(118): warning C4244: '인수': 'T'에서 'int'(으)로 변환하면서 데이터가 손실될 수 있습니다.
          with
          [
              T=float
          ]
d:\바탕화면\tetris\tetris\movingblock.cpp(120): warning C4244: '인수': 'const T'에서 'int'(으)로 변환하면서 데이터가 손실될 수 있습니다.
          with
          [
              T=float
          ]
d:\바탕화면\tetris\tetris\movingblock.cpp(122): warning C4244: '인수': 'T'에서 'int'(으)로 변환하면서 데이터가 손실될 수 있습니다.
          with
          [
              T=float
          ]
d:\바탕화면\tetris\tetris\movingblock.cpp(122): warning C4244: '인수': 'const T'에서 'int'(으)로 변환하면서 데이터가 손실될 수 있습니다.
          with
          [
              T=float
          ]
d:\바탕화면\tetris\tetris\movingblock.cpp(124): warning C4244: '인수': 'T'에서 'int'(으)로 변환하면서 데이터가 손실될 수 있습니다.
          with
          [
              T=float
          ]
d:\바탕화면\tetris\tetris\movingblock.cpp(124): warning C4244: '인수': 'const T'에서 'int'(으)로 변환하면서 데이터가 손실될 수 있습니다.
          with
          [
              T=float
          ]
d:\바탕화면\tetris\tetris\movingblock.cpp(134): warning C4244: '인수': 'const T'에서 'int'(으)로 변환하면서 데이터가 손실될 수 있습니다.
          with
          [
              T=float
          ]
d:\바탕화면\tetris\tetris\movingblock.cpp(136): warning C4244: '인수': 'T'에서 'int'(으)로 변환하면서 데이터가 손실될 수 있습니다.
          with
          [
              T=float
          ]
d:\바탕화면\tetris\tetris\movingblock.cpp(136): warning C4244: '인수': 'const T'에서 'int'(으)로 변환하면서 데이터가 손실될 수 있습니다.
          with
          [
              T=float
          ]
d:\바탕화면\tetris\tetris\movingblock.cpp(138): warning C4244: '인수': 'T'에서 'int'(으)로 변환하면서 데이터가 손실될 수 있습니다.
          with
          [
              T=float
          ]
d:\바탕화면\tetris\tetris\movingblock.cpp(138): warning C4244: '인수': 'const T'에서 'int'(으)로 변환하면서 데이터가 손실될 수 있습니다.
          with
          [
              T=float
          ]
d:\바탕화면\tetris\tetris\movingblock.cpp(140): warning C4244: '인수': 'T'에서 'int'(으)로 변환하면서 데이터가 손실될 수 있습니다.
          with
          [
              T=float
          ]
d:\바탕화면\tetris\tetris\movingblock.cpp(150): warning C4244: '인수': 'const T'에서 'int'(으)로 변환하면서 데이터가 손실될 수 있습니다.
          with
          [
              T=float
          ]
d:\바탕화면\tetris\tetris\movingblock.cpp(152): warning C4244: '인수': 'const T'에서 'int'(으)로 변환하면서 데이터가 손실될 수 있습니다.
          with
          [
              T=float
          ]
d:\바탕화면\tetris\tetris\movingblock.cpp(152): warning C4244: '인수': 'T'에서 'int'(으)로 변환하면서 데이터가 손실될 수 있습니다.
          with
          [
              T=float
          ]
d:\바탕화면\tetris\tetris\movingblock.cpp(154): warning C4244: '인수': 'T'에서 'int'(으)로 변환하면서 데이터가 손실될 수 있습니다.
          with
          [
              T=float
          ]
d:\바탕화면\tetris\tetris\movingblock.cpp(154): warning C4244: '인수': 'const T'에서 'int'(으)로 변환하면서 데이터가 손실될 수 있습니다.
          with
          [
              T=float
          ]
d:\바탕화면\tetris\tetris\movingblock.cpp(156): warning C4244: '인수': 'T'에서 'int'(으)로 변환하면서 데이터가 손실될 수 있습니다.
          with
          [
              T=float
          ]
d:\바탕화면\tetris\tetris\movingblock.cpp(194): warning C4244: '인수': 'const T'에서 'int'(으)로 변환하면서 데이터가 손실될 수 있습니다.
          with
          [
              T=float
          ]
d:\바탕화면\tetris\tetris\movingblock.cpp(196): warning C4244: '인수': 'T'에서 'int'(으)로 변환하면서 데이터가 손실될 수 있습니다.
          with
          [
              T=float
          ]
d:\바탕화면\tetris\tetris\movingblock.cpp(196): warning C4244: '인수': 'const T'에서 'int'(으)로 변환하면서 데이터가 손실될 수 있습니다.
          with
          [
              T=float
          ]
d:\바탕화면\tetris\tetris\movingblock.cpp(198): warning C4244: '인수': 'T'에서 'int'(으)로 변환하면서 데이터가 손실될 수 있습니다.
          with
          [
              T=float
          ]
d:\바탕화면\tetris\tetris\movingblock.cpp(198): warning C4244: '인수': 'const T'에서 'int'(으)로 변환하면서 데이터가 손실될 수 있습니다.
          with
          [
              T=float
          ]
d:\바탕화면\tetris\tetris\movingblock.cpp(200): warning C4244: '인수': 'T'에서 'int'(으)로 변환하면서 데이터가 손실될 수 있습니다.
          with
          [
              T=float
          ]
d:\바탕화면\tetris\tetris\movingblock.cpp(200): warning C4244: '인수': 'const T'에서 'int'(으)로 변환하면서 데이터가 손실될 수 있습니다.
          with
          [
              T=float
          ]
d:\바탕화면\tetris\tetris\movingblock.cpp(210): warning C4244: '인수': 'const T'에서 'int'(으)로 변환하면서 데이터가 손실될 수 있습니다.
          with
          [
              T=float
          ]
d:\바탕화면\tetris\tetris\movingblock.cpp(210): warning C4244: '인수': 'T'에서 'int'(으)로 변환하면서 데이터가 손실될 수 있습니다.
          with
          [
              T=float
          ]
d:\바탕화면\tetris\tetris\movingblock.cpp(212): warning C4244: '인수': 'T'에서 'int'(으)로 변환하면서 데이터가 손실될 수 있습니다.
          with
          [
              T=float
          ]
d:\바탕화면\tetris\tetris\movingblock.cpp(214): warning C4244: '인수': 'T'에서 'int'(으)로 변환하면서 데이터가 손실될 수 있습니다.
          with
          [
              T=float
          ]
d:\바탕화면\tetris\tetris\movingblock.cpp(214): warning C4244: '인수': 'const T'에서 'int'(으)로 변환하면서 데이터가 손실될 수 있습니다.
          with
          [
              T=float
          ]
d:\바탕화면\tetris\tetris\movingblock.cpp(216): warning C4244: '인수': 'T'에서 'int'(으)로 변환하면서 데이터가 손실될 수 있습니다.
          with
          [
              T=float
          ]
d:\바탕화면\tetris\tetris\movingblock.cpp(216): warning C4244: '인수': 'const T'에서 'int'(으)로 변환하면서 데이터가 손실될 수 있습니다.
          with
          [
              T=float
          ]
d:\바탕화면\tetris\tetris\movingblock.cpp(226): warning C4244: '인수': 'const T'에서 'int'(으)로 변환하면서 데이터가 손실될 수 있습니다.
          with
          [
              T=float
          ]
d:\바탕화면\tetris\tetris\movingblock.cpp(226): warning C4244: '인수': 'T'에서 'int'(으)로 변환하면서 데이터가 손실될 수 있습니다.
          with
          [
              T=float
          ]
d:\바탕화면\tetris\tetris\movingblock.cpp(228): warning C4244: '인수': 'T'에서 'int'(으)로 변환하면서 데이터가 손실될 수 있습니다.
          with
          [
              T=float
          ]
d:\바탕화면\tetris\tetris\movingblock.cpp(228): warning C4244: '인수': 'const T'에서 'int'(으)로 변환하면서 데이터가 손실될 수 있습니다.
          with
          [
              T=float
          ]
d:\바탕화면\tetris\tetris\movingblock.cpp(230): warning C4244: '인수': 'T'에서 'int'(으)로 변환하면서 데이터가 손실될 수 있습니다.
          with
          [
              T=float
          ]
d:\바탕화면\tetris\tetris\movingblock.cpp(232): warning C4244: '인수': 'T'에서 'int'(으)로 변환하면서 데이터가 손실될 수 있습니다.
          with
          [
              T=float
          ]
d:\바탕화면\tetris\tetris\movingblock.cpp(232): warning C4244: '인수': 'const T'에서 'int'(으)로 변환하면서 데이터가 손실될 수 있습니다.
          with
          [
              T=float
          ]
d:\바탕화면\tetris\tetris\movingblock.cpp(242): warning C4244: '인수': 'const T'에서 'int'(으)로 변환하면서 데이터가 손실될 수 있습니다.
          with
          [
              T=float
          ]
d:\바탕화면\tetris\tetris\movingblock.cpp(244): warning C4244: '인수': 'T'에서 'int'(으)로 변환하면서 데이터가 손실될 수 있습니다.
          with
          [
              T=float
          ]
d:\바탕화면\tetris\tetris\movingblock.cpp(246): warning C4244: '인수': 'T'에서 'int'(으)로 변환하면서 데이터가 손실될 수 있습니다.
          with
          [
              T=float
          ]
d:\바탕화면\tetris\tetris\movingblock.cpp(246): warning C4244: '인수': 'const T'에서 'int'(으)로 변환하면서 데이터가 손실될 수 있습니다.
          with
          [
              T=float
          ]
d:\바탕화면\tetris\tetris\movingblock.cpp(248): warning C4244: '인수': 'T'에서 'int'(으)로 변환하면서 데이터가 손실될 수 있습니다.
          with
          [
              T=float
          ]
d:\바탕화면\tetris\tetris\movingblock.cpp(248): warning C4244: '인수': 'const T'에서 'int'(으)로 변환하면서 데이터가 손실될 수 있습니다.
          with
          [
              T=float
          ]
d:\바탕화면\tetris\tetris\movingblock.cpp(258): warning C4244: '인수': 'const T'에서 'int'(으)로 변환하면서 데이터가 손실될 수 있습니다.
          with
          [
              T=float
          ]
d:\바탕화면\tetris\tetris\movingblock.cpp(258): warning C4244: '인수': 'T'에서 'int'(으)로 변환하면서 데이터가 손실될 수 있습니다.
          with
          [
              T=float
          ]
d:\바탕화면\tetris\tetris\movingblock.cpp(260): warning C4244: '인수': 'const T'에서 'int'(으)로 변환하면서 데이터가 손실될 수 있습니다.
          with
          [
              T=float
          ]
d:\바탕화면\tetris\tetris\movingblock.cpp(262): warning C4244: '인수': 'T'에서 'int'(으)로 변환하면서 데이터가 손실될 수 있습니다.
          with
          [
              T=float
          ]
d:\바탕화면\tetris\tetris\movingblock.cpp(262): warning C4244: '인수': 'const T'에서 'int'(으)로 변환하면서 데이터가 손실될 수 있습니다.
          with
          [
              T=float
          ]
d:\바탕화면\tetris\tetris\movingblock.cpp(264): warning C4244: '인수': 'T'에서 'int'(으)로 변환하면서 데이터가 손실될 수 있습니다.
          with
          [
              T=float
          ]
d:\바탕화면\tetris\tetris\movingblock.cpp(264): warning C4244: '인수': 'const T'에서 'int'(으)로 변환하면서 데이터가 손실될 수 있습니다.
          with
          [
              T=float
          ]
d:\바탕화면\tetris\tetris\movingblock.cpp(274): warning C4244: '인수': 'const T'에서 'int'(으)로 변환하면서 데이터가 손실될 수 있습니다.
          with
          [
              T=float
          ]
d:\바탕화면\tetris\tetris\movingblock.cpp(276): warning C4244: '인수': 'T'에서 'int'(으)로 변환하면서 데이터가 손실될 수 있습니다.
          with
          [
              T=float
          ]
d:\바탕화면\tetris\tetris\movingblock.cpp(276): warning C4244: '인수': 'const T'에서 'int'(으)로 변환하면서 데이터가 손실될 수 있습니다.
          with
          [
              T=float
          ]
d:\바탕화면\tetris\tetris\movingblock.cpp(278): warning C4244: '인수': 'T'에서 'int'(으)로 변환하면서 데이터가 손실될 수 있습니다.
          with
          [
              T=float
          ]
d:\바탕화면\tetris\tetris\movingblock.cpp(278): warning C4244: '인수': 'const T'에서 'int'(으)로 변환하면서 데이터가 손실될 수 있습니다.
          with
          [
              T=float
          ]
d:\바탕화면\tetris\tetris\movingblock.cpp(280): warning C4244: '인수': 'T'에서 'int'(으)로 변환하면서 데이터가 손실될 수 있습니다.
          with
          [
              T=float
          ]
d:\바탕화면\tetris\tetris\movingblock.cpp(290): warning C4244: '인수': 'const T'에서 'int'(으)로 변환하면서 데이터가 손실될 수 있습니다.
          with
          [
              T=float
          ]
d:\바탕화면\tetris\tetris\movingblock.cpp(292): warning C4244: '인수': 'const T'에서 'int'(으)로 변환하면서 데이터가 손실될 수 있습니다.
          with
          [
              T=float
          ]
d:\바탕화면\tetris\tetris\movingblock.cpp(292): warning C4244: '인수': 'T'에서 'int'(으)로 변환하면서 데이터가 손실될 수 있습니다.
          with
          [
              T=float
          ]
d:\바탕화면\tetris\tetris\movingblock.cpp(294): warning C4244: '인수': 'T'에서 'int'(으)로 변환하면서 데이터가 손실될 수 있습니다.
          with
          [
              T=float
          ]
d:\바탕화면\tetris\tetris\movingblock.cpp(294): warning C4244: '인수': 'const T'에서 'int'(으)로 변환하면서 데이터가 손실될 수 있습니다.
          with
          [
              T=float
          ]
d:\바탕화면\tetris\tetris\movingblock.cpp(296): warning C4244: '인수': 'T'에서 'int'(으)로 변환하면서 데이터가 손실될 수 있습니다.
          with
          [
              T=float
          ]
  Ranking.cpp
d:\바탕화면\tetris\tetris\gamepool.h(48): warning C4305: '초기화 중': 'double'에서 'const float'(으)로 잘립니다.
d:\바탕화면\tetris\tetris\gamepool.h(49): warning C4305: '초기화 중': 'double'에서 'const float'(으)로 잘립니다.
d:\바탕화면\tetris\tetris\ranking.cpp(32): warning C4018: '<': signed 또는 unsigned가 일치하지 않습니다.
d:\바탕화면\tetris\tetris\ranking.cpp(114): warning C4101: 'gmt' :참조되지 않은 지역 변수입니다.
  Sound.cpp
d:\바탕화면\tetris\tetris\gamepool.h(48): warning C4305: '초기화 중': 'double'에서 'const float'(으)로 잘립니다.
d:\바탕화면\tetris\tetris\gamepool.h(49): warning C4305: '초기화 중': 'double'에서 'const float'(으)로 잘립니다.
  StartMenu.cpp
d:\바탕화면\tetris\tetris\gamepool.h(48): warning C4305: '초기화 중': 'double'에서 'const float'(으)로 잘립니다.
d:\바탕화면\tetris\tetris\gamepool.h(49): warning C4305: '초기화 중': 'double'에서 'const float'(으)로 잘립니다.
  Text.cpp
d:\바탕화면\tetris\tetris\gamepool.h(48): warning C4305: '초기화 중': 'double'에서 'const float'(으)로 잘립니다.
d:\바탕화면\tetris\tetris\gamepool.h(49): warning C4305: '초기화 중': 'double'에서 'const float'(으)로 잘립니다.
  WinMain.cpp
d:\바탕화면\tetris\tetris\gamepool.h(48): warning C4305: '초기화 중': 'double'에서 'const float'(으)로 잘립니다.
d:\바탕화면\tetris\tetris\gamepool.h(49): warning C4305: '초기화 중': 'double'에서 'const float'(으)로 잘립니다.
d:\바탕화면\tetris\tetris\unitblock.h(54): warning C4244: '인수': 'int'에서 'float'(으)로 변환하면서 데이터가 손실될 수 있습니다.
d:\바탕화면\tetris\tetris\movingblock.h(66): warning C4244: '초기화 중': 'T'에서 'int'(으)로 변환하면서 데이터가 손실될 수 있습니다.
          with
          [
              T=float
          ]
d:\바탕화면\tetris\tetris\movingblock.h(67): warning C4244: '초기화 중': 'T'에서 'int'(으)로 변환하면서 데이터가 손실될 수 있습니다.
          with
          [
              T=float
          ]
d:\바탕화면\tetris\tetris\winmain.cpp(127): warning C4244: '인수': 'time_t'에서 'unsigned int'(으)로 변환하면서 데이터가 손실될 수 있습니다.
d:\바탕화면\tetris\tetris\winmain.cpp(38): warning C4102: 'StartMenuPoint': 참조되지 않은 레이블입니다.
  코드를 생성하고 있습니다.
  1 of 493 functions ( 0.2%) were compiled, the rest were copied from previous compilation.
    0 functions were new in current compilation
    1 functions had inline decision re-evaluated but remain unchanged
  코드를 생성했습니다.
  Tetris.vcxproj -> D:\바탕화면\Tetris\Release\Tetris.exe
