d:\바탕화면\tetris\tetris\release\tetris.pch
d:\바탕화면\tetris\tetris\release\vc141.pdb
d:\바탕화면\tetris\tetris\release\pch.obj
d:\바탕화면\tetris\tetris\release\startmenu.obj
d:\바탕화면\tetris\tetris\release\winmain.obj
d:\바탕화면\tetris\tetris\release\text.obj
d:\바탕화면\tetris\tetris\release\sound.obj
d:\바탕화면\tetris\tetris\release\menu.obj
d:\바탕화면\tetris\tetris\release\button.obj
d:\바탕화면\tetris\tetris\release\block.obj
d:\바탕화면\tetris\tetris\release\background.obj
d:\바탕화면\tetris\tetris\release\ranking.obj
d:\바탕화면\tetris\tetris\release\picture.obj
d:\바탕화면\tetris\tetris\release\blockstack.obj
d:\바탕화면\tetris\tetris\release\unitblock.obj
d:\바탕화면\tetris\tetris\release\gamepool.obj
d:\바탕화면\tetris\tetris\release\movingblock.obj
d:\바탕화면\tetris\tetris\release\image.obj
d:\바탕화면\tetris\tetris\release\nextblock.obj
d:\바탕화면\tetris\tetris\release\movingblockshade.obj
d:\바탕화면\tetris\release\tetris.exe
d:\바탕화면\tetris\release\tetris.pdb
d:\바탕화면\tetris\release\tetris.ipdb
d:\바탕화면\tetris\release\tetris.iobj
d:\바탕화면\tetris\tetris\release\tetris.tlog\cl.command.1.tlog
d:\바탕화면\tetris\tetris\release\tetris.tlog\cl.read.1.tlog
d:\바탕화면\tetris\tetris\release\tetris.tlog\cl.write.1.tlog
d:\바탕화면\tetris\tetris\release\tetris.tlog\link.command.1.tlog
d:\바탕화면\tetris\tetris\release\tetris.tlog\link.read.1.tlog
d:\바탕화면\tetris\tetris\release\tetris.tlog\link.write.1.tlog
d:\바탕화면\tetris\tetris\release\tetris.tlog\tetris.write.1u.tlog
